[sharenkeisha2223.wixsite.com/lokawignanumala.html]
[static.parastorage.com/unpkg/core-js-bundle@3.2.1/minified.js]
[static.parastorage.com/unpkg/focus-within-polyfill@5.0.9/dist/focus-within-polyfill.js]
[polyfill-fastly.io/v3/polyfill.mind82c.js]
[sharenkeisha2223.wixsite.com/s.4.delayed]
[sharenkeisha2223.wixsite.com/t.5.delayed]
[backblue.gif]
[fade.gif]
[index.html]
[sharenkeisha2223.wixsite.com/index.html]
[sharenkeisha2223.wixsite.com/lokawignanumala/why.html]
[sharenkeisha2223.wixsite.com/lokawignanumala/logo.html]
[sharenkeisha2223.wixsite.com/lokawignanumala/four-elements.html]
[static.wixstatic.com/media/695568_9b6aae4b243e4beaa487b801b7034160_mv2.png/v1/fill/w_57,h_57,al_c,q_85,usm_0.66_1.00_0.01,enc_avif,quality_auto/695568_9b6aae4b243e4beaa487b801b7034160_mv2.png]
[sharenkeisha2223.wixsite.com/lokawignanumala/anggota-kelompok.html]
[static.wixstatic.com/media/695568_03544fec11ce4c70b7ba44cda13aae70_mv2.png/v1/fill/w_45,h_57,al_c,q_85,usm_0.66_1.00_0.01,enc_avif,quality_auto/695568_03544fec11ce4c70b7ba44cda13aae70_mv2.png]
[static.wixstatic.com/media/695568_733f09ac1e8e4370bea08c78bcca3ad3_mv2.png/v1/fill/w_49,h_31,al_c,q_85,usm_0.66_1.00_0.01,blur_2,enc_avif,quality_auto/695568_733f09ac1e8e4370bea08c78bcca3ad3_mv2.png]
[static.wixstatic.com/media/e4f166_378b4db1123f4e06bc3b4d2dbdbeacbb_mv2_d_2000_1400_s_2.png/v1/crop/x_0,y_10,w_2000,h_1380/fill/w_1052,h_726,al_c,q_90,usm_0.66_1.00_0.01,enc_avif,quality_auto/tree_illus_new_2.png]
[static.wixstatic.com/media/695568_68f5fbea144148e4ac48786ee74b6e5c_mv2.png/v1/fill/w_198,h_198,al_c,q_85,usm_0.66_1.00_0.01,enc_avif,quality_auto/695568_68f5fbea144148e4ac48786ee74b6e5c_mv2.png]
[static.wixstatic.com/media/e4f166_525911e2b1af430f83ffcf689b6c60c1_mv2.jpg/v1/fill/w_147,h_83,al_c,q_80,usm_0.66_1.00_0.01,blur_2,enc_avif,quality_auto/e4f166_525911e2b1af430f83ffcf689b6c60c1_mv2.jpg]
[static.wixstatic.com/media/695568_2768d17aea224e94b7d418a6e9b7001f_mv2.png/v1/crop/x_610,y_0,w_3362,h_2500/fill/w_984,h_726,al_c,q_90,usm_0.66_1.00_0.01,enc_avif,quality_auto/5_20250130_102006_0004.png]
[static.wixstatic.com/media/695568_793f7724d2e14ab4983326045a4dbe09_mv2.png/v1/crop/x_189,y_0,w_3623,h_2500/fill/w_1052,h_726,al_c,q_90,usm_0.66_1.00_0.01,enc_a/Purple White Modern Headphone Promotion Landing Page De]
[static.wixstatic.com/media/e4f166_4c767b43ddf947e9b27d9070b60982dc_mv2_d_3000_3000_s_4_2.png/v1/fill/w_69,h_69,al_c,q_85,usm_0.66_1.00_0.01,blur_3,enc_avif,quality_auto/dark_green_leaf.png]
[static.wixstatic.com/media/695568_b7f0909fee30405fac90db910c218b4a_mv2.jpeg/v1/fill/w_66,h_98,al_c,q_80,usm_0.66_1.00_0.01,blur_2,enc_avif,quality_auto/695568_b7f0909fee30405fac90db910c218b4a_mv2.jpg]
[static.wixstatic.com/media/e4f166_d685c6f01bac494b968b8feb99e3e5ac_mv2_d_3000_3000_s_4_2.png/v1/fill/w_64,h_64,al_c,q_85,usm_0.66_1.00_0.01,blur_3,enc_avif,quality_auto/light_green_leaf.png]
[static.wixstatic.com/media/695568_1c49bb71aae043948e43cd3690cf662e_mv2.jpeg/v1/fill/w_66,h_99,al_c,q_80,usm_0.66_1.00_0.01,blur_2,enc_avif,quality_auto/695568_1c49bb71aae043948e43cd3690cf662e_mv2.jpg]
[static.wixstatic.com/media/695568_fd3e18cf45634a80b401cd5913e18b81_mv2.png/v1/fill/w_106,h_150,al_c,q_85,usm_0.66_1.00_0.01,blur_2,enc_avif,quality_auto/695568_fd3e18cf45634a80b401cd5913e18b81_mv2.png]
[static.parastorage.com/services/wix-thunderbolt/dist/8875.4f0e86e1.bundle.min.js]
[browser.sentry-cdn.com/6.18.2/bundle.min.js]
[sharenkeisha2223.wixsite.com/sitemap.19.delayed]
[sharenkeisha2223.wixsite.com/feed.1a.delayed]
[static.parastorage.com/services/wix-thunderbolt/dist/thunderbolt-commons.569be6c3.bundle.min.js]
[static.parastorage.com/services/wix-thunderbolt/dist/main.b0d83c2c.bundle.min.js]
[static.parastorage.com/services/wix-thunderbolt/dist/main.renderer.a20626f8.bundle.min.js]
[static.parastorage.com/unpkg/lodash@4.17.21/lodash.min.js]
[static.parastorage.com/unpkg/react@18.3.1/umd/react.production.min.js]
[static.parastorage.com/unpkg/react-dom@18.3.1/umd/react-dom.production.min.js]
[static.parastorage.com/services/events-viewer/1.3275.0/client-viewer/EmptyState.chunk.min.js]
[static.parastorage.com/services/wix-thunderbolt/dist/browser-deprecation.bundle.es5.js]
[sharenkeisha2223.wixsite.com/decodeURIComponent(e.23.delayed]
[static.parastorage.com/services/tag-manager-client/1.920.0/siteTags.bundle.min.js]
[sharenkeisha2223.wixsite.com/lokawignanumala.html]
[sharenkeisha2223.wixsite.com/s.html]
[sharenkeisha2223.wixsite.com/t.html]
[sharenkeisha2223.wixsite.com/index.html]
[sharenkeisha2223.wixsite.com/lokawignanumala/s.25.delayed]
[sharenkeisha2223.wixsite.com/lokawignanumala/t.26.delayed]
[static.wixstatic.com/media/695568_466667e6445140698ed7fa6ede6a5b33_mv2.png/v1/fill/w_550,h_113,al_c,q_85,usm_0.66_1.00_0.01,enc_avif,quality_auto/695568_466667e6445140698ed7fa6ede6a5b33_mv2.png]
[static.wixstatic.com/media/695568_b0aa568c8d51408b9413aca5cb5c7631_mv2.png/v1/fill/w_547,h_138,al_c,q_85,usm_0.66_1.00_0.01,enc_avif,quality_auto/695568_b0aa568c8d51408b9413aca5cb5c7631_mv2.png]
[static.wixstatic.com/media/695568_f759cc8e141e48b793f3d77d980ed5e3_mv2.png/v1/fill/w_515,h_141,al_c,q_85,usm_0.66_1.00_0.01,enc_avif,quality_auto/695568_f759cc8e141e48b793f3d77d980ed5e3_mv2.png]
[static.wixstatic.com/media/695568_4d82e5352f424645b4b436aca5a60ad3_mv2.png/v1/fill/w_600,h_150,al_c,q_85,usm_0.66_1.00_0.01,enc_avif,quality_auto/695568_4d82e5352f424645b4b436aca5a60ad3_mv2.png]
[static.wixstatic.com/media/695568_16acb4d0b988469086b0ad8e7fff3e4c_mv2.png/v1/fill/w_600,h_125,al_c,q_85,usm_0.66_1.00_0.01,enc_avif,quality_auto/695568_16acb4d0b988469086b0ad8e7fff3e4c_mv2.png]
[static.wixstatic.com/media/695568_bffdc09016a24108b4eb62a3ee848ddc_mv2.png/v1/fill/w_436,h_113,al_c,q_85,usm_0.66_1.00_0.01,enc_avif,quality_auto/695568_bffdc09016a24108b4eb62a3ee848ddc_mv2.png]
[static.wixstatic.com/media/695568_2c312ab254bb4493adb530324e3fc3cc_mv2.png/v1/fill/w_401,h_95,al_c,q_85,usm_0.66_1.00_0.01,enc_avif,quality_auto/695568_2c312ab254bb4493adb530324e3fc3cc_mv2.png]
[static.wixstatic.com/media/695568_3bdeae4779f74e36af7deeb3dadd505c_mv2.png/v1/fill/w_438,h_104,al_c,q_85,usm_0.66_1.00_0.01,enc_avif,quality_auto/695568_3bdeae4779f74e36af7deeb3dadd505c_mv2.png]
[static.wixstatic.com/media/695568_c3f0bd0773824c93bd1951c84a060c79_mv2.png/v1/fill/w_550,h_123,al_c,q_85,usm_0.66_1.00_0.01,enc_avif,quality_auto/695568_c3f0bd0773824c93bd1951c84a060c79_mv2.png]
[static.wixstatic.com/media/695568_fc6603a5730941bc9628ab3971035a84_mv2.png/v1/fill/w_478,h_90,al_c,q_85,usm_0.66_1.00_0.01,enc_avif,quality_auto/695568_fc6603a5730941bc9628ab3971035a84_mv2.png]
[static.wixstatic.com/media/695568_2115ac944982420cb3287a2b52c69954_mv2.png/v1/fill/w_483,h_113,al_c,q_85,usm_0.66_1.00_0.01,enc_avif,quality_auto/695568_2115ac944982420cb3287a2b52c69954_mv2.png]
[static.wixstatic.com/media/695568_8c196c7126fc43f5a776e1bd625cf0d9_mv2.png/v1/fill/w_307,h_150,al_c,q_85,usm_0.66_1.00_0.01,enc_avif,quality_auto/695568_8c196c7126fc43f5a776e1bd625cf0d9_mv2.png]
[static.wixstatic.com/media/695568_bbbbcd0614894111a117e09c1c5df8d5_mv2.png/v1/fill/w_344,h_88,al_c,q_85,usm_0.66_1.00_0.01,enc_avif,quality_auto/695568_bbbbcd0614894111a117e09c1c5df8d5_mv2.png]
[sharenkeisha2223.wixsite.com/lokawignanumala/robots.34.delayed]
[sharenkeisha2223.wixsite.com/lokawignanumala/sitemap.35.delayed]
[sharenkeisha2223.wixsite.com/lokawignanumala/feed.36.delayed]
[sharenkeisha2223.wixsite.com/lokawignanumala/decodeURIComponent(e.37.delayed]
[sharenkeisha2223.wixsite.com/lokawignanumala/why.html]
[static.wixstatic.com/media/695568_3362c65c399c484a8fa85580cfdf804e_mv2.png/v1/fill/w_473,h_473,al_c,q_85,usm_0.66_1.00_0.01,enc_avif,quality_auto/695568_3362c65c399c484a8fa85580cfdf804e_mv2.png]
[sharenkeisha2223.wixsite.com/lokawignanumala/logo.html]
[static.wixstatic.com/media/695568_4cf9eb3fe6b04df19c473c4ec55d60c0_mv2.png/v1/crop/x_198,y_150,w_290,h_429/fill/w_118,h_187,al_c,q_85,usm_0.66_1.00_0.01,enc_av/695568_4cf9eb3fe6b04df19c473c4ec55d60c0_mv2.png]
[static.wixstatic.com/media/695568_4cf9eb3fe6b04df19c473c4ec55d60c0_mv2.png/v1/crop/x_637,y_140,w_300,h_547/fill/w_118,h_187,al_c,q_85,usm_0.66_1.00_0.01,enc_av/695568_4cf9eb3fe6b04df19c473c4ec55d60c0_mv2.png]
[static.wixstatic.com/media/695568_4cf9eb3fe6b04df19c473c4ec55d60c0_mv2.png/v1/crop/x_1060,y_137,w_293,h_563/fill/w_118,h_187,al_c,q_85,usm_0.66_1.00_0.01,enc_av/695568_4cf9eb3fe6b04df19c473c4ec55d60c0_mv2.png]
[static.wixstatic.com/media/695568_4097fe71363a46788274375cc0096c70_mv2.png/v1/crop/x_98,y_65,w_220,h_284/fill/w_89,h_114,al_c,q_85,usm_0.66_1.00_0.01,enc_avi/695568_4097fe71363a46788274375cc0096c70_mv2.png]
[static.wixstatic.com/media/695568_4097fe71363a46788274375cc0096c70_mv2.png/v1/crop/x_374,y_39,w_222,h_283/fill/w_90,h_115,al_c,q_85,usm_0.66_1.00_0.01,enc_avi/695568_4097fe71363a46788274375cc0096c70_mv2.png]
[static.wixstatic.com/media/695568_4097fe71363a46788274375cc0096c70_mv2.png/v1/crop/x_76,y_355,w_222,h_315/fill/w_90,h_128,al_c,q_85,usm_0.66_1.00_0.01,enc_avi/695568_4097fe71363a46788274375cc0096c70_mv2.png]
[static.wixstatic.com/media/695568_4097fe71363a46788274375cc0096c70_mv2.png/v1/crop/x_355,y_330,w_278,h_355/fill/w_104,h_133,al_c,q_85,usm_0.66_1.00_0.01,enc_av/695568_4097fe71363a46788274375cc0096c70_mv2.png]
[sharenkeisha2223.wixsite.com/lokawignanumala/four-elements.html]
[static.wixstatic.com/media/695568_d343522e02e54fa798e640d642ce9e3f_mv2.jpg/v1/fill/w_61,h_81,al_c,q_80,usm_0.66_1.00_0.01,blur_2,enc_avif,quality_auto/IMG-20250130-WA0013.jpg]
[static.wixstatic.com/media/695568_3ec11cb574da48e0b45e4d0a5243ddc4_mv2.jpg/v1/fill/w_45,h_81,al_c,q_80,usm_0.66_1.00_0.01,blur_2,enc_avif,quality_auto/Sharen.jpg]
[static.wixstatic.com/media/695568_9eeff621b3cd49babd883161e8d9c130_mv2.jpg/v1/fill/w_45,h_81,al_c,q_80,usm_0.66_1.00_0.01,blur_2,enc_avif,quality_auto/Lia.jpg]
[static.wixstatic.com/media/695568_794d768b1f5247bfa941422c6d71b485_mv2.jpg/v1/fill/w_55,h_81,al_c,q_80,usm_0.66_1.00_0.01,blur_2,enc_avif,quality_auto/Evelyn.jpg]
[static.wixstatic.com/media/695568_5bbafb8684b34578b95e025ade079fac_mv2.jpg/v1/fill/w_72,h_69,al_c,q_80,usm_0.66_1.00_0.01,blur_2,enc_avif,quality_auto/Nathan.jpg]
[static.wixstatic.com/media/695568_49d4cd28fac8434a965b4146d8172996_mv2.jpg/v1/crop/x_18,y_147,w_820,h_923/fill/w_72,h_81,al_c,q_80,usm_0.66_1.00_0.01,blur_2,enc_avif,quality_auto/Hans.jpg]
[static.wixstatic.com/media/695568_3d2dfffe77ac4d649d0abfbc41575fe2_mv2.jpg/v1/fill/w_61,h_81,al_c,q_80,usm_0.66_1.00_0.01,blur_2,enc_avif,quality_auto/Jason.jpg]
[static.wixstatic.com/media/a3c153_cb8da2c95b7f4299b4ea2a150b7315a1_mv2.jpg/v1/fill/w_72,h_65,al_c,q_80,usm_0.66_1.00_0.01,blur_2,enc_avif,quality_auto/IMG_3981_edited.jpg]
[static.wixstatic.com/media/695568_7223bf273a0f4ca4ba03924b0f9c8328_mv2.jpg/v1/fill/w_45,h_81,al_c,q_80,usm_0.66_1.00_0.01,blur_2,enc_avif,quality_auto/Natalie.jpg]
[static.wixstatic.com/media/695568_6354672746624a5089d17644263e70ac_mv2.jpg/v1/crop/x_0,y_0,w_192,h_216/fill/w_72,h_81,al_c,q_80,usm_0.66_1.00_0.01,blur_2,enc_avif,quality_auto/Raelynn.jpg]
[static.wixstatic.com/media/695568_935c165156b14854a5577647c1380f0a_mv2.jpg/v1/fill/w_72,h_72,al_c,q_80,usm_0.66_1.00_0.01,blur_2,enc_avif,quality_auto/Arvie.jpg]
[sharenkeisha2223.wixsite.com/lokawignanumala/anggota-kelompok.html]
[sharenkeisha2223.wixsite.com/sitemap.html]
[sharenkeisha2223.wixsite.com/feed.html]
[sharenkeisha2223.wixsite.com/decodeURIComponent(e.html]
[sharenkeisha2223.wixsite.com/lokawignanumala/s.html]
[sharenkeisha2223.wixsite.com/lokawignanumala/t.html]
[sharenkeisha2223.wixsite.com/lokawignanumala/robots.html]
[sharenkeisha2223.wixsite.com/lokawignanumala/sitemap.html]
[sharenkeisha2223.wixsite.com/lokawignanumala/feed.html]
[sharenkeisha2223.wixsite.com/lokawignanumala/decodeURIComponent(e.html]
[static.wixstatic.com/media/695568_4cf9eb3fe6b04df19c473c4ec55d60c0_mv2.png/v1/crop/x_1450,y_100,w_303,h_623/fill/w_118,h_187,al_c,q_85,usm_0.66_1.00_0.01,enc_av/695568_4cf9eb3fe6b04df19c473c4ec55d60c0_mv2.png]
